<?xml version="1.0" encoding="UTF-8"?>
<testsuite name="com.snemmani.dsalgo.ds.arrays.ArrayRotatorTest" tests="3" skipped="0" failures="0" errors="0" timestamp="2020-09-22T11:14:35" hostname="Shankars-MacBook-Pro.local" time="1.03">
  <properties/>
  <testcase name="testJugglingRotator" classname="com.snemmani.dsalgo.ds.arrays.ArrayRotatorTest" time="1.023"/>
  <testcase name="testOneAtATimeRotator" classname="com.snemmani.dsalgo.ds.arrays.ArrayRotatorTest" time="0.001"/>
  <testcase name="testTempArrayUsageRotator" classname="com.snemmani.dsalgo.ds.arrays.ArrayRotatorTest" time="0.001"/>
  <system-out><![CDATA[4 5 6 7 8 1 2 3 
4 5 6 7 8 1 2 3 
]]></system-out>
  <system-err><![CDATA[]]></system-err>
</testsuite>
